Using pre-set license
Built from '2020.3/staging' branch; Version is '2020.3.18f1 (a7d1c678663c) revision 10998214'; Using compiler version '192528614'; Build Type 'Release'
OS: 'Windows 10 Pro; OS build 19043.1348; Version 2009; 64bit' Language: 'ru' Physical Memory: 6012 MB
BatchMode: 1, IsHumanControllingUs: 0, StartBugReporterOnCrash: 0, Is64bit: 1, IsPro: 0

COMMAND LINE ARGUMENTS:
C:\Users\makus\Downloads\2020.3.18f1\Editor\Unity.exe
-adb2
-batchMode
-noUpm
-name
AssetImportWorker1
-projectPath
C:/Users/makus/Documents/GitHub/CitizenBeAware/PrototypeOchinchin
-logFile
Logs/AssetImportWorker1.log
-srvPort
61883
Successfully changed project path to: C:/Users/makus/Documents/GitHub/CitizenBeAware/PrototypeOchinchin
C:/Users/makus/Documents/GitHub/CitizenBeAware/PrototypeOchinchin
Using Asset Import Pipeline V2.
Refreshing native plugins compatible for Editor in 107.00 ms, found 2 plugins.
Preloading 0 native plugins for Editor in 0.00 ms.
Initialize engine version: 2020.3.18f1 (a7d1c678663c)
[Subsystems] Discovering subsystems at path C:/Users/makus/Downloads/2020.3.18f1/Editor/Data/Resources/UnitySubsystems
[Subsystems] Discovering subsystems at path C:/Users/makus/Documents/GitHub/CitizenBeAware/PrototypeOchinchin/Assets
GfxDevice: creating device client; threaded=0
Direct3D:
    Version:  Direct3D 11.0 [level 11.0]
    Renderer: NVIDIA GeForce GT 635M (ID=0xde3)
    Vendor:   
    VRAM:     1999 MB
    Driver:   21.21.13.7654
Initialize mono
Mono path[0] = 'C:/Users/makus/Downloads/2020.3.18f1/Editor/Data/Managed'
Mono path[1] = 'C:/Users/makus/Downloads/2020.3.18f1/Editor/Data/MonoBleedingEdge/lib/mono/unityjit'
Mono config path = 'C:/Users/makus/Downloads/2020.3.18f1/Editor/Data/MonoBleedingEdge/etc'
Using monoOptions --debugger-agent=transport=dt_socket,embedding=1,server=y,suspend=n,address=127.0.0.1:56300
Begin MonoManager ReloadAssembly
Registering precompiled unity dll's ...
Register platform support module: C:/Users/makus/Downloads/2020.3.18f1/Editor/Data/PlaybackEngines/WindowsStandaloneSupport/UnityEditor.WindowsStandalone.Extensions.dll
Registered in 0.004687 seconds.
Native extension for WindowsStandalone target not found
Refreshing native plugins compatible for Editor in 85.65 ms, found 2 plugins.
Preloading 0 native plugins for Editor in 0.00 ms.
Mono: successfully reloaded assembly
- Completed reload, in  2.901 seconds
Domain Reload Profiling:
	ReloadAssembly (2902ms)
		BeginReloadAssembly (137ms)
			ExecutionOrderSort (0ms)
			DisableScriptedObjects (0ms)
			BackupInstance (0ms)
			ReleaseScriptingObjects (0ms)
			CreateAndSetChildDomain (2ms)
		EndReloadAssembly (1020ms)
			LoadAssemblies (132ms)
			RebuildTransferFunctionScriptingTraits (0ms)
			SetupTypeCache (349ms)
			ReleaseScriptCaches (0ms)
			RebuildScriptCaches (102ms)
			SetupLoadedEditorAssemblies (397ms)
				LogAssemblyErrors (0ms)
				InitializePlatformSupportModulesInManaged (10ms)
				SetLoadedEditorAssemblies (1ms)
				RefreshPlugins (86ms)
				BeforeProcessingInitializeOnLoad (39ms)
				ProcessInitializeOnLoadAttributes (193ms)
				ProcessInitializeOnLoadMethodAttributes (68ms)
				AfterProcessingInitializeOnLoad (0ms)
				EditorAssembliesLoaded (0ms)
			ExecutionOrderSort2 (0ms)
			AwakeInstancesAfterBackupRestoration (0ms)
Platform modules already initialized, skipping
Registering precompiled user dll's ...
Registered in 0.007240 seconds.
Begin MonoManager ReloadAssembly
Native extension for WindowsStandalone target not found
Refreshing native plugins compatible for Editor in 94.35 ms, found 2 plugins.
Preloading 0 native plugins for Editor in 0.00 ms.
Mono: successfully reloaded assembly
- Completed reload, in  4.889 seconds
Domain Reload Profiling:
	ReloadAssembly (4893ms)
		BeginReloadAssembly (436ms)
			ExecutionOrderSort (0ms)
			DisableScriptedObjects (13ms)
			BackupInstance (0ms)
			ReleaseScriptingObjects (0ms)
			CreateAndSetChildDomain (38ms)
		EndReloadAssembly (4241ms)
			LoadAssemblies (1857ms)
			RebuildTransferFunctionScriptingTraits (0ms)
			SetupTypeCache (722ms)
			ReleaseScriptCaches (1ms)
			RebuildScriptCaches (147ms)
			SetupLoadedEditorAssemblies (1192ms)
				LogAssemblyErrors (0ms)
				InitializePlatformSupportModulesInManaged (12ms)
				SetLoadedEditorAssemblies (1ms)
				RefreshPlugins (94ms)
				BeforeProcessingInitializeOnLoad (197ms)
				ProcessInitializeOnLoadAttributes (861ms)
				ProcessInitializeOnLoadMethodAttributes (11ms)
				AfterProcessingInitializeOnLoad (15ms)
				EditorAssembliesLoaded (1ms)
			ExecutionOrderSort2 (0ms)
			AwakeInstancesAfterBackupRestoration (18ms)
Platform modules already initialized, skipping
========================================================================
Worker process is ready to serve import requests
Launched and connected shader compiler UnityShaderCompiler.exe after 0.13 seconds
Refreshing native plugins compatible for Editor in 0.57 ms, found 2 plugins.
Preloading 0 native plugins for Editor in 0.00 ms.
Unloading 1696 Unused Serialized files (Serialized files now loaded: 0)
System memory in use before: 76.4 MB.
System memory in use after: 76.4 MB.

Unloading 18 unused Assets to reduce memory usage. Loaded Objects now: 2134.
Total: 8.802200 ms (FindLiveObjects: 0.530800 ms CreateObjectMapping: 0.226400 ms MarkObjects: 7.890100 ms  DeleteObjects: 0.151600 ms)

AssetImportParameters requested are different than current active one (requested -> active):
  custom:framework-win-MediaFoundation: 216162199b28c13a410421893ffa2e32 -> 
  custom:video-decoder-ogg-theora: a1e56fd34408186e4bbccfd4996cb3dc -> 
  custom:container-muxer-webm: aa71ff27fc2769a1b78a27578f13a17b -> 
  custom:container-demuxer-webm: 4f35f7cbe854078d1ac9338744f61a02 -> 
  custom:container-demuxer-ogg: 62fdf1f143b41e24485cea50d1cbac27 -> 
  custom:video-encoder-webm-vp8: eb34c28f22e8b96e1ab97ce403110664 -> 
  custom:video-decoder-webm-vp8: 9c59270c3fd7afecdb556c50c9e8de78 -> 
  custom:audio-decoder-ogg-vorbis: bf7c407c2cedff20999df2af8eb42d56 -> 
  custom:audio-encoder-webm-vorbis: bf7c407c2cedff20999df2af8eb42d56 -> 
========================================================================
Received Import Request.
  path: Assets/Scenes
  artifactKey: Guid(b779917f501aa2948bea2b555574ec04) Importer(815301076,1909f56bfc062723c751e8b465ee728b)
Start importing Assets/Scenes using Guid(b779917f501aa2948bea2b555574ec04) Importer(815301076,1909f56bfc062723c751e8b465ee728b)  -> (artifact id: 'a5061bb4bbd9ba54f197bccc7b291c66') in 0.039478 seconds 
  Import took 0.050517 seconds .

========================================================================
Received Import Request.
  Time since last request: 0.000525 seconds.
  path: Assets/Scenes/MainMenu.unity
  artifactKey: Guid(0747f0c242825d446bb4ca384bb86c9a) Importer(815301076,1909f56bfc062723c751e8b465ee728b)
Start importing Assets/Scenes/MainMenu.unity using Guid(0747f0c242825d446bb4ca384bb86c9a) Importer(815301076,1909f56bfc062723c751e8b465ee728b)  -> (artifact id: '19d41844c84ac22f6a82512528aaceb1') in 0.092023 seconds 
  Import took 0.103990 seconds .

========================================================================
Received Import Request.
  Time since last request: 1.091346 seconds.
  path: Assets/Scenes/MainMenu.unity
  artifactKey: Guid(0747f0c242825d446bb4ca384bb86c9a) Importer(815301076,1909f56bfc062723c751e8b465ee728b)
Start importing Assets/Scenes/MainMenu.unity using Guid(0747f0c242825d446bb4ca384bb86c9a) Importer(815301076,1909f56bfc062723c751e8b465ee728b)  -> (artifact id: '19d41844c84ac22f6a82512528aaceb1') in 0.009749 seconds 
  Import took 0.016845 seconds .

========================================================================
Received Import Request.
  Time since last request: 30.616582 seconds.
  path: Assets/Sprites
  artifactKey: Guid(36be6d682c897df45bd895e62f73acad) Importer(815301076,1909f56bfc062723c751e8b465ee728b)
Start importing Assets/Sprites using Guid(36be6d682c897df45bd895e62f73acad) Importer(815301076,1909f56bfc062723c751e8b465ee728b)  -> (artifact id: 'd688c5e32d8327d5dd67ed593ac6237f') in 0.020073 seconds 
  Import took 0.031856 seconds .

========================================================================
Received Import Request.
  Time since last request: 0.082063 seconds.
  path: Assets/Sprites/1.jpg
  artifactKey: Guid(7a11aed97e46c46498df9a57ee79fc0f) Importer(815301076,1909f56bfc062723c751e8b465ee728b)
Start importing Assets/Sprites/1.jpg using Guid(7a11aed97e46c46498df9a57ee79fc0f) Importer(815301076,1909f56bfc062723c751e8b465ee728b)  -> (artifact id: '1aa6e9ea3a74d47541a71837340b3b8e') in 0.232442 seconds 
  Import took 0.237054 seconds .

========================================================================
Received Import Request.
  Time since last request: 0.000373 seconds.
  path: Assets/Sprites/IMG_20211024_231609_603.jpg
  artifactKey: Guid(64fdfc0a59104854c81c1fab295a5efd) Importer(815301076,1909f56bfc062723c751e8b465ee728b)
Start importing Assets/Sprites/IMG_20211024_231609_603.jpg using Guid(64fdfc0a59104854c81c1fab295a5efd) Importer(815301076,1909f56bfc062723c751e8b465ee728b)  -> (artifact id: 'b4cd4fc70909dfda1b1e38a7aee11c6c') in 0.037455 seconds 
  Import took 0.048682 seconds .

========================================================================
Received Import Request.
  Time since last request: 0.000433 seconds.
  path: Assets/Sprites/7.png
  artifactKey: Guid(44329b1a81d59da4aa430e5d9f82fc18) Importer(815301076,1909f56bfc062723c751e8b465ee728b)
Start importing Assets/Sprites/7.png using Guid(44329b1a81d59da4aa430e5d9f82fc18) Importer(815301076,1909f56bfc062723c751e8b465ee728b)  -> (artifact id: 'bb446bb71c07a15e8eade532a3236306') in 0.071155 seconds 
  Import took 0.079580 seconds .

========================================================================
Received Import Request.
  Time since last request: 0.000345 seconds.
  path: Assets/Sprites/1.jpg.png
  artifactKey: Guid(cef9f0990aab7df4c802b2f42a384821) Importer(815301076,1909f56bfc062723c751e8b465ee728b)
Start importing Assets/Sprites/1.jpg.png using Guid(cef9f0990aab7df4c802b2f42a384821) Importer(815301076,1909f56bfc062723c751e8b465ee728b)  -> (artifact id: '9538a48799bee084e85584ce18276d35') in 0.046676 seconds 
  Import took 0.056641 seconds .

========================================================================
Received Import Request.
  Time since last request: 0.000384 seconds.
  path: Assets/Sprites/2.png
  artifactKey: Guid(28245e114bd957c4a923cb5a9c085df6) Importer(815301076,1909f56bfc062723c751e8b465ee728b)
Start importing Assets/Sprites/2.png using Guid(28245e114bd957c4a923cb5a9c085df6) Importer(815301076,1909f56bfc062723c751e8b465ee728b)  -> (artifact id: '6ba9ac168539665885fab82459ac5984') in 0.031582 seconds 
  Import took 0.039015 seconds .

========================================================================
Received Prepare
Registering precompiled user dll's ...
Registered in 0.009796 seconds.
Begin MonoManager ReloadAssembly
Native extension for WindowsStandalone target not found
Refreshing native plugins compatible for Editor in 0.79 ms, found 2 plugins.
Preloading 0 native plugins for Editor in 0.00 ms.
Mono: successfully reloaded assembly
- Completed reload, in  2.616 seconds
Domain Reload Profiling:
	ReloadAssembly (2617ms)
		BeginReloadAssembly (313ms)
			ExecutionOrderSort (0ms)
			DisableScriptedObjects (11ms)
			BackupInstance (0ms)
			ReleaseScriptingObjects (0ms)
			CreateAndSetChildDomain (83ms)
		EndReloadAssembly (2089ms)
			LoadAssemblies (259ms)
			RebuildTransferFunctionScriptingTraits (0ms)
			SetupTypeCache (614ms)
			ReleaseScriptCaches (2ms)
			RebuildScriptCaches (137ms)
			SetupLoadedEditorAssemblies (805ms)
				LogAssemblyErrors (0ms)
				InitializePlatformSupportModulesInManaged (11ms)
				SetLoadedEditorAssemblies (1ms)
				RefreshPlugins (1ms)
				BeforeProcessingInitializeOnLoad (183ms)
				ProcessInitializeOnLoadAttributes (576ms)
				ProcessInitializeOnLoadMethodAttributes (13ms)
				AfterProcessingInitializeOnLoad (19ms)
				EditorAssembliesLoaded (1ms)
			ExecutionOrderSort2 (0ms)
			AwakeInstancesAfterBackupRestoration (28ms)
Platform modules already initialized, skipping
Refreshing native plugins compatible for Editor in 0.54 ms, found 2 plugins.
Preloading 0 native plugins for Editor in 0.00 ms.
Unloading 1690 Unused Serialized files (Serialized files now loaded: 0)
System memory in use before: 76.4 MB.
System memory in use after: 76.5 MB.

Unloading 11 unused Assets to reduce memory usage. Loaded Objects now: 2140.
Total: 4.967400 ms (FindLiveObjects: 0.200600 ms CreateObjectMapping: 0.098400 ms MarkObjects: 4.639900 ms  DeleteObjects: 0.026200 ms)

AssetImportParameters requested are different than current active one (requested -> active):
  custom:framework-win-MediaFoundation: 216162199b28c13a410421893ffa2e32 -> 
  custom:video-decoder-ogg-theora: a1e56fd34408186e4bbccfd4996cb3dc -> 
  custom:container-muxer-webm: aa71ff27fc2769a1b78a27578f13a17b -> 
  custom:container-demuxer-webm: 4f35f7cbe854078d1ac9338744f61a02 -> 
  custom:container-demuxer-ogg: 62fdf1f143b41e24485cea50d1cbac27 -> 
  custom:video-encoder-webm-vp8: eb34c28f22e8b96e1ab97ce403110664 -> 
  custom:video-decoder-webm-vp8: 9c59270c3fd7afecdb556c50c9e8de78 -> 
  custom:audio-decoder-ogg-vorbis: bf7c407c2cedff20999df2af8eb42d56 -> 
  custom:audio-encoder-webm-vorbis: bf7c407c2cedff20999df2af8eb42d56 -> 
========================================================================
Received Import Request.
  Time since last request: 29.797980 seconds.
  path: Packages/com.unity.collab-proxy/Editor/PlasticSCM/Assets/Images/buttonssosigninemail.png
  artifactKey: Guid(d24e7e0b75e1a244bb9687d6fd4315ef) Importer(815301076,1909f56bfc062723c751e8b465ee728b)
Start importing Packages/com.unity.collab-proxy/Editor/PlasticSCM/Assets/Images/buttonssosigninemail.png using Guid(d24e7e0b75e1a244bb9687d6fd4315ef) Importer(815301076,1909f56bfc062723c751e8b465ee728b)  -> (artifact id: '057b6a1037451dbd6e24b9053ecbbb1d') in 0.164606 seconds 
  Import took 0.170928 seconds .

========================================================================
Received Import Request.
  Time since last request: 0.000349 seconds.
  path: Packages/com.unity.collab-proxy/Editor/PlasticSCM/Assets/Images/d_buttonssosigninemail.png
  artifactKey: Guid(3086d66a563317b40a20a20da2c64ac0) Importer(815301076,1909f56bfc062723c751e8b465ee728b)
Start importing Packages/com.unity.collab-proxy/Editor/PlasticSCM/Assets/Images/d_buttonssosigninemail.png using Guid(3086d66a563317b40a20a20da2c64ac0) Importer(815301076,1909f56bfc062723c751e8b465ee728b)  -> (artifact id: '961ce4eb492c21f36f8d939d8001c5c6') in 0.048180 seconds 
  Import took 0.053722 seconds .

========================================================================
Received Import Request.
  Time since last request: 0.000363 seconds.
  path: Packages/com.unity.collab-proxy/Editor/PlasticSCM/Assets/Images/d_buttonssosigninemail@2x.png
  artifactKey: Guid(144aa74618b85974a9a50f612c2fa8fd) Importer(815301076,1909f56bfc062723c751e8b465ee728b)
Start importing Packages/com.unity.collab-proxy/Editor/PlasticSCM/Assets/Images/d_buttonssosigninemail@2x.png using Guid(144aa74618b85974a9a50f612c2fa8fd) Importer(815301076,1909f56bfc062723c751e8b465ee728b)  -> (artifact id: '90f7778df4266e3198bad79527b89b4f') in 0.064883 seconds 
  Import took 0.072606 seconds .

========================================================================
Received Import Request.
  Time since last request: 0.000483 seconds.
  path: Packages/com.unity.collab-proxy/Editor/PlasticSCM/Assets/Images/buttonssosigninunity.png
  artifactKey: Guid(f9161c6c9e06dc445ada3ee16d991f90) Importer(815301076,1909f56bfc062723c751e8b465ee728b)
Start importing Packages/com.unity.collab-proxy/Editor/PlasticSCM/Assets/Images/buttonssosigninunity.png using Guid(f9161c6c9e06dc445ada3ee16d991f90) Importer(815301076,1909f56bfc062723c751e8b465ee728b)  -> (artifact id: '2095d338518b3e9aa4dd3f92938fceb5') in 0.052306 seconds 
  Import took 0.058603 seconds .

========================================================================
Received Import Request.
  Time since last request: 0.000482 seconds.
  path: Packages/com.unity.collab-proxy/Editor/PlasticSCM/Assets/Images/d_cloudbuho.png
  artifactKey: Guid(e5600378dd761e64d9423790c482bf36) Importer(815301076,1909f56bfc062723c751e8b465ee728b)
Start importing Packages/com.unity.collab-proxy/Editor/PlasticSCM/Assets/Images/d_cloudbuho.png using Guid(e5600378dd761e64d9423790c482bf36) Importer(815301076,1909f56bfc062723c751e8b465ee728b)  -> (artifact id: 'ea3a49f9d219e6b1efbfc398036ca404') in 0.068971 seconds 
  Import took 0.076408 seconds .

========================================================================
Received Import Request.
  Time since last request: 0.000412 seconds.
  path: Packages/com.unity.collab-proxy/Editor/PlasticSCM/Assets/Images/buttonssosigninemail@2x.png
  artifactKey: Guid(ddf2e76e8a1f88f46ae1e42277850b48) Importer(815301076,1909f56bfc062723c751e8b465ee728b)
Start importing Packages/com.unity.collab-proxy/Editor/PlasticSCM/Assets/Images/buttonssosigninemail@2x.png using Guid(ddf2e76e8a1f88f46ae1e42277850b48) Importer(815301076,1909f56bfc062723c751e8b465ee728b)  -> (artifact id: '287180628ae140389622399999fe4d18') in 0.047372 seconds 
  Import took 0.056131 seconds .

========================================================================
Received Import Request.
  Time since last request: 0.000376 seconds.
  path: Packages/com.unity.collab-proxy/Editor/PlasticSCM/Assets/Images/d_cloudbuhochristmas.png
  artifactKey: Guid(70632ddfe8e71b04b8f90ef7e29a9e98) Importer(815301076,1909f56bfc062723c751e8b465ee728b)
Start importing Packages/com.unity.collab-proxy/Editor/PlasticSCM/Assets/Images/d_cloudbuhochristmas.png using Guid(70632ddfe8e71b04b8f90ef7e29a9e98) Importer(815301076,1909f56bfc062723c751e8b465ee728b)  -> (artifact id: 'eeb7832fd3d049f988903687edb46d39') in 0.059764 seconds 
  Import took 0.065378 seconds .

========================================================================
Received Import Request.
  Time since last request: 0.000689 seconds.
  path: Packages/com.unity.collab-proxy/Editor/PlasticSCM/Assets/Images/buttonssosigningoogle.png
  artifactKey: Guid(f09eae8c0ea04254b90c5386a034a225) Importer(815301076,1909f56bfc062723c751e8b465ee728b)
Start importing Packages/com.unity.collab-proxy/Editor/PlasticSCM/Assets/Images/buttonssosigningoogle.png using Guid(f09eae8c0ea04254b90c5386a034a225) Importer(815301076,1909f56bfc062723c751e8b465ee728b)  -> (artifact id: 'b1d364013f1994bf8810c313a6a782a7') in 0.044491 seconds 
  Import took 0.051400 seconds .

========================================================================
Received Import Request.
  Time since last request: 0.007600 seconds.
  path: Packages/com.unity.collab-proxy/Editor/PlasticSCM/Assets/Images/d_cloudbuhochristmas.png
  artifactKey: Guid(70632ddfe8e71b04b8f90ef7e29a9e98) Importer(815301076,1909f56bfc062723c751e8b465ee728b)
Start importing Packages/com.unity.collab-proxy/Editor/PlasticSCM/Assets/Images/d_cloudbuhochristmas.png using Guid(70632ddfe8e71b04b8f90ef7e29a9e98) Importer(815301076,1909f56bfc062723c751e8b465ee728b)  -> (artifact id: 'eeb7832fd3d049f988903687edb46d39') in 0.038688 seconds 
  Import took 0.046028 seconds .

========================================================================
Received Import Request.
  Time since last request: 0.513934 seconds.
  path: Packages/com.unity.collab-proxy/Editor/PlasticSCM/Assets/Images/d_cloudbuhoshe.png
  artifactKey: Guid(dae33700bd23f76409a80bf78fdb8a42) Importer(815301076,1909f56bfc062723c751e8b465ee728b)
Start importing Packages/com.unity.collab-proxy/Editor/PlasticSCM/Assets/Images/d_cloudbuhoshe.png using Guid(dae33700bd23f76409a80bf78fdb8a42) Importer(815301076,1909f56bfc062723c751e8b465ee728b)  -> (artifact id: '92d8bf589d5b7bb4aec08f8740dbf587') in 0.039433 seconds 
  Import took 0.045969 seconds .

========================================================================
Received Import Request.
  Time since last request: 0.000345 seconds.
  path: Packages/com.unity.collab-proxy/Editor/PlasticSCM/Assets/Images/d_cloudbuhoshechristmas.png
  artifactKey: Guid(9c0d6ec706e01ce448aea81584af092b) Importer(815301076,1909f56bfc062723c751e8b465ee728b)
Start importing Packages/com.unity.collab-proxy/Editor/PlasticSCM/Assets/Images/d_cloudbuhoshechristmas.png using Guid(9c0d6ec706e01ce448aea81584af092b) Importer(815301076,1909f56bfc062723c751e8b465ee728b)  -> (artifact id: '892a50a54c26849f63469a191776c4d5') in 0.056971 seconds 
  Import took 0.065235 seconds .

========================================================================
Received Import Request.
  Time since last request: 0.355839 seconds.
  path: Packages/com.unity.collab-proxy/Editor/PlasticSCM/Assets/Images/d_colorbuho.png
  artifactKey: Guid(3a0c527d7f890d64a9b56b086e6e766a) Importer(815301076,1909f56bfc062723c751e8b465ee728b)
Start importing Packages/com.unity.collab-proxy/Editor/PlasticSCM/Assets/Images/d_colorbuho.png using Guid(3a0c527d7f890d64a9b56b086e6e766a) Importer(815301076,1909f56bfc062723c751e8b465ee728b)  -> (artifact id: 'ad4fffaf47d6a0ea53a7039bc1dfc58d') in 0.045227 seconds 
  Import took 0.052810 seconds .

========================================================================
Received Import Request.
  Time since last request: 0.000350 seconds.
  path: Packages/com.unity.collab-proxy/Editor/PlasticSCM/Assets/Images/d_colorbuhoshe.png
  artifactKey: Guid(a04ecc9d5e12d5d449077414eb86635e) Importer(815301076,1909f56bfc062723c751e8b465ee728b)
Start importing Packages/com.unity.collab-proxy/Editor/PlasticSCM/Assets/Images/d_colorbuhoshe.png using Guid(a04ecc9d5e12d5d449077414eb86635e) Importer(815301076,1909f56bfc062723c751e8b465ee728b)  -> (artifact id: '2a5da5a8355f9cf041ac19ca0e46d0c1') in 0.053913 seconds 
  Import took 0.059698 seconds .

========================================================================
Received Import Request.
  Time since last request: 0.000350 seconds.
  path: Packages/com.unity.collab-proxy/Editor/PlasticSCM/Assets/Images/d_colorbuhoshechristmas.png
  artifactKey: Guid(ec03f79379868c642b48ae5ddc821b6d) Importer(815301076,1909f56bfc062723c751e8b465ee728b)
Start importing Packages/com.unity.collab-proxy/Editor/PlasticSCM/Assets/Images/d_colorbuhoshechristmas.png using Guid(ec03f79379868c642b48ae5ddc821b6d) Importer(815301076,1909f56bfc062723c751e8b465ee728b)  -> (artifact id: 'c7f61ad95220a280c0887a76a4bed52e') in 0.053674 seconds 
  Import took 0.060931 seconds .

========================================================================
Received Import Request.
  Time since last request: 0.000376 seconds.
  path: Packages/com.unity.collab-proxy/Editor/PlasticSCM/Assets/Images/d_colorbuhochristmas.png
  artifactKey: Guid(fd098fb4cf57bad419701c802e442b7e) Importer(815301076,1909f56bfc062723c751e8b465ee728b)
Start importing Packages/com.unity.collab-proxy/Editor/PlasticSCM/Assets/Images/d_colorbuhochristmas.png using Guid(fd098fb4cf57bad419701c802e442b7e) Importer(815301076,1909f56bfc062723c751e8b465ee728b)  -> (artifact id: 'ff2e528dd45eab70fcd713a8b1503c3b') in 0.059546 seconds 
  Import took 0.065428 seconds .

========================================================================
Received Import Request.
  Time since last request: 0.694474 seconds.
  path: Packages/com.unity.collab-proxy/Editor/PlasticSCM/Assets/Images/d_expertbuho.png
  artifactKey: Guid(13e7e6fe43a8aa049bcd610bbc1f5ff8) Importer(815301076,1909f56bfc062723c751e8b465ee728b)
Start importing Packages/com.unity.collab-proxy/Editor/PlasticSCM/Assets/Images/d_expertbuho.png using Guid(13e7e6fe43a8aa049bcd610bbc1f5ff8) Importer(815301076,1909f56bfc062723c751e8b465ee728b)  -> (artifact id: '0d9ba7d90b7a8e23192315bcb87ce1e6') in 0.046977 seconds 
  Import took 0.053923 seconds .

========================================================================
Received Import Request.
  Time since last request: 0.000356 seconds.
  path: Packages/com.unity.collab-proxy/Editor/PlasticSCM/Assets/Images/d_expertbuhoshe.png
  artifactKey: Guid(8325d4ef0a6eb3d43952aff8a06d9f45) Importer(815301076,1909f56bfc062723c751e8b465ee728b)
Start importing Packages/com.unity.collab-proxy/Editor/PlasticSCM/Assets/Images/d_expertbuhoshe.png using Guid(8325d4ef0a6eb3d43952aff8a06d9f45) Importer(815301076,1909f56bfc062723c751e8b465ee728b)  -> (artifact id: '4aa005ecd2d875701cfe8ce9f8a64d5d') in 0.053075 seconds 
  Import took 0.059703 seconds .

========================================================================
Received Import Request.
  Time since last request: 0.000462 seconds.
  path: Packages/com.unity.collab-proxy/Editor/PlasticSCM/Assets/Images/d_expertbuhoshechristmas.png
  artifactKey: Guid(372e7b39fc8f34549ac25d8757965a2c) Importer(815301076,1909f56bfc062723c751e8b465ee728b)
Start importing Packages/com.unity.collab-proxy/Editor/PlasticSCM/Assets/Images/d_expertbuhoshechristmas.png using Guid(372e7b39fc8f34549ac25d8757965a2c) Importer(815301076,1909f56bfc062723c751e8b465ee728b)  -> (artifact id: '39dcea963b31fb30a58d494fc27ba3f8') in 0.055025 seconds 
  Import took 0.061246 seconds .

========================================================================
Received Import Request.
  Time since last request: 0.000546 seconds.
  path: Packages/com.unity.collab-proxy/Editor/PlasticSCM/Assets/Images/d_expertbuhochristmas.png
  artifactKey: Guid(c887ed2a931c29040bc544cd8c546e9f) Importer(815301076,1909f56bfc062723c751e8b465ee728b)
Start importing Packages/com.unity.collab-proxy/Editor/PlasticSCM/Assets/Images/d_expertbuhochristmas.png using Guid(c887ed2a931c29040bc544cd8c546e9f) Importer(815301076,1909f56bfc062723c751e8b465ee728b)  -> (artifact id: 'bd7bd777f689d8b70117381a16befc1c') in 0.057294 seconds 
  Import took 0.063703 seconds .

========================================================================
Received Import Request.
  Time since last request: 0.000625 seconds.
  path: Packages/com.unity.collab-proxy/Editor/PlasticSCM/Assets/Images/d_genericbuho2.png
  artifactKey: Guid(0f061b4bd0275bc4eb60f2af31e7375a) Importer(815301076,1909f56bfc062723c751e8b465ee728b)
Start importing Packages/com.unity.collab-proxy/Editor/PlasticSCM/Assets/Images/d_genericbuho2.png using Guid(0f061b4bd0275bc4eb60f2af31e7375a) Importer(815301076,1909f56bfc062723c751e8b465ee728b)  -> (artifact id: 'd4d1bfd64124bc6e87b6d5983fc53e04') in 0.051643 seconds 
  Import took 0.060172 seconds .

========================================================================
Received Import Request.
  Time since last request: 0.000467 seconds.
  path: Packages/com.unity.collab-proxy/Editor/PlasticSCM/Assets/Images/d_genericbuho1.png
  artifactKey: Guid(43ad51e043491b94d8f6c62d55ac5ede) Importer(815301076,1909f56bfc062723c751e8b465ee728b)
Start importing Packages/com.unity.collab-proxy/Editor/PlasticSCM/Assets/Images/d_genericbuho1.png using Guid(43ad51e043491b94d8f6c62d55ac5ede) Importer(815301076,1909f56bfc062723c751e8b465ee728b)  -> (artifact id: '9151b50f090156e9b2c239885190bcb4') in 0.051289 seconds 
  Import took 0.057761 seconds .

========================================================================
Received Import Request.
  Time since last request: 0.319943 seconds.
  path: Packages/com.unity.collab-proxy/Editor/PlasticSCM/Assets/Images/d_genericbuho3.png
  artifactKey: Guid(9e9474494461bd048803b48e391ef0f6) Importer(815301076,1909f56bfc062723c751e8b465ee728b)
Start importing Packages/com.unity.collab-proxy/Editor/PlasticSCM/Assets/Images/d_genericbuho3.png using Guid(9e9474494461bd048803b48e391ef0f6) Importer(815301076,1909f56bfc062723c751e8b465ee728b)  -> (artifact id: 'd784f7470b4b64d39bc760487fca3863') in 0.044057 seconds 
  Import took 0.054547 seconds .

========================================================================
Received Import Request.
  Time since last request: 0.000302 seconds.
  path: Packages/com.unity.collab-proxy/Editor/PlasticSCM/Assets/Images/d_genericbuhochristmas2.png
  artifactKey: Guid(5955491dc8dcecb4a993d9a008cf65a7) Importer(815301076,1909f56bfc062723c751e8b465ee728b)
Start importing Packages/com.unity.collab-proxy/Editor/PlasticSCM/Assets/Images/d_genericbuhochristmas2.png using Guid(5955491dc8dcecb4a993d9a008cf65a7) Importer(815301076,1909f56bfc062723c751e8b465ee728b)  -> (artifact id: 'a3d6327504d1d3a846771ac6e3b411f0') in 0.054158 seconds 
  Import took 0.059475 seconds .

========================================================================
Received Import Request.
  Time since last request: 0.000349 seconds.
  path: Packages/com.unity.collab-proxy/Editor/PlasticSCM/Assets/Images/d_genericbuhochristmas1.png
  artifactKey: Guid(e36d1a38d7aa309409e80bf66a089330) Importer(815301076,1909f56bfc062723c751e8b465ee728b)
Start importing Packages/com.unity.collab-proxy/Editor/PlasticSCM/Assets/Images/d_genericbuhochristmas1.png using Guid(e36d1a38d7aa309409e80bf66a089330) Importer(815301076,1909f56bfc062723c751e8b465ee728b)  -> (artifact id: '5418ccb3f0edfbb2c2c7915d24403c88') in 0.052091 seconds 
  Import took 0.058403 seconds .

========================================================================
Received Import Request.
  Time since last request: 0.000341 seconds.
  path: Packages/com.unity.collab-proxy/Editor/PlasticSCM/Assets/Images/d_genericbuhoshe1.png
  artifactKey: Guid(f2901efd8bb16bc408ad37f017fbf9bc) Importer(815301076,1909f56bfc062723c751e8b465ee728b)
Start importing Packages/com.unity.collab-proxy/Editor/PlasticSCM/Assets/Images/d_genericbuhoshe1.png using Guid(f2901efd8bb16bc408ad37f017fbf9bc) Importer(815301076,1909f56bfc062723c751e8b465ee728b)  -> (artifact id: 'b03ddfd60d50d07b1a0d6709812b46db') in 0.050953 seconds 
  Import took 0.056806 seconds .

========================================================================
Received Import Request.
  Time since last request: 0.000343 seconds.
  path: Packages/com.unity.collab-proxy/Editor/PlasticSCM/Assets/Images/d_genericbuhoshe2.png
  artifactKey: Guid(17035c204825f6340a252046ab6476fd) Importer(815301076,1909f56bfc062723c751e8b465ee728b)
Start importing Packages/com.unity.collab-proxy/Editor/PlasticSCM/Assets/Images/d_genericbuhoshe2.png using Guid(17035c204825f6340a252046ab6476fd) Importer(815301076,1909f56bfc062723c751e8b465ee728b)  -> (artifact id: '920d72141d8866cfcc191108eb77f7d2') in 0.058648 seconds 
  Import took 0.066175 seconds .

========================================================================
Received Import Request.
  Time since last request: 0.000552 seconds.
  path: Packages/com.unity.collab-proxy/Editor/PlasticSCM/Assets/Images/d_genericbuhochristmas3.png
  artifactKey: Guid(6fac4e39926fd9c4ca2ba4416160a857) Importer(815301076,1909f56bfc062723c751e8b465ee728b)
Start importing Packages/com.unity.collab-proxy/Editor/PlasticSCM/Assets/Images/d_genericbuhochristmas3.png using Guid(6fac4e39926fd9c4ca2ba4416160a857) Importer(815301076,1909f56bfc062723c751e8b465ee728b)  -> (artifact id: '8f174eaec2c732bfbb609af42f04e390') in 0.055728 seconds 
  Import took 0.062808 seconds .

========================================================================
Received Import Request.
  Time since last request: 97.239051 seconds.
  path: Assets/Materials/GroundMaterial.mat
  artifactKey: Guid(b56bfd9d9cea10145a5460bb325f5f6b) Importer(815301076,1909f56bfc062723c751e8b465ee728b)
Start importing Assets/Materials/GroundMaterial.mat using Guid(b56bfd9d9cea10145a5460bb325f5f6b) Importer(815301076,1909f56bfc062723c751e8b465ee728b)  -> (artifact id: '3535202b981ea03b09c4a28d0c0c30c6') in 0.133528 seconds 
  Import took 0.140456 seconds .

========================================================================
Received Import Request.
  Time since last request: 0.000314 seconds.
  path: Assets/Materials/PlayerMaterial.mat
  artifactKey: Guid(29d9c822fc26d8c41b4dfd713953b0c0) Importer(815301076,1909f56bfc062723c751e8b465ee728b)
Start importing Assets/Materials/PlayerMaterial.mat using Guid(29d9c822fc26d8c41b4dfd713953b0c0) Importer(815301076,1909f56bfc062723c751e8b465ee728b)  -> (artifact id: '0c33ecdf54763bd5825f7f9511bc31c4') in 0.059329 seconds 
  Import took 0.066553 seconds .

========================================================================
Received Import Request.
  Time since last request: 133.845736 seconds.
  path: Assets/Scenes/TempleScene.unity
  artifactKey: Guid(9fc0d4010bbf28b4594072e72b8655ab) Importer(815301076,1909f56bfc062723c751e8b465ee728b)
Start importing Assets/Scenes/TempleScene.unity using Guid(9fc0d4010bbf28b4594072e72b8655ab) Importer(815301076,1909f56bfc062723c751e8b465ee728b)  -> (artifact id: '66c1ca644f11fe2631f3813355ab84f8') in 0.020616 seconds 
  Import took 0.027926 seconds .

========================================================================
Received Import Request.
  Time since last request: 27.616428 seconds.
  path: Assets/1.jpg
  artifactKey: Guid(d4356e642c9e5804484ad5d56f527d2d) Importer(815301076,1909f56bfc062723c751e8b465ee728b)
Start importing Assets/1.jpg using Guid(d4356e642c9e5804484ad5d56f527d2d) Importer(815301076,1909f56bfc062723c751e8b465ee728b)  -> (artifact id: '7e305d24264e5ea6dc88bdd48a05596c') in 0.024746 seconds 
  Import took 0.032226 seconds .

========================================================================
Received Import Request.
  Time since last request: 0.000352 seconds.
  path: Assets/7.png
  artifactKey: Guid(e75aa641313285d40a1b43cfe681a609) Importer(815301076,1909f56bfc062723c751e8b465ee728b)
Start importing Assets/7.png using Guid(e75aa641313285d40a1b43cfe681a609) Importer(815301076,1909f56bfc062723c751e8b465ee728b)  -> (artifact id: 'd109cc800ec90470d1e6aa9f98cd2aef') in 0.025506 seconds 
  Import took 0.035009 seconds .

========================================================================
Received Import Request.
  Time since last request: 0.000369 seconds.
  path: Assets/1.jpg.png
  artifactKey: Guid(510d63009e443434d9a8e0ad8256cff4) Importer(815301076,1909f56bfc062723c751e8b465ee728b)
Start importing Assets/1.jpg.png using Guid(510d63009e443434d9a8e0ad8256cff4) Importer(815301076,1909f56bfc062723c751e8b465ee728b)  -> (artifact id: 'b96f414276d59da8eabfd6fc6b38a472') in 0.020924 seconds 
  Import took 0.028003 seconds .

========================================================================
Received Import Request.
  Time since last request: 0.000380 seconds.
  path: Assets/2.png
  artifactKey: Guid(ba68f82c7a45196468f80d7a5c7d526b) Importer(815301076,1909f56bfc062723c751e8b465ee728b)
Start importing Assets/2.png using Guid(ba68f82c7a45196468f80d7a5c7d526b) Importer(815301076,1909f56bfc062723c751e8b465ee728b)  -> (artifact id: 'a9b4325cd145b034a3f058c632eb29c6') in 0.036544 seconds 
  Import took 0.042856 seconds .

========================================================================
Received Import Request.
  Time since last request: 0.000388 seconds.
  path: Assets/IMG_20211024_231609_603.jpg
  artifactKey: Guid(7df75bae11def4e43ac1d29339113634) Importer(815301076,1909f56bfc062723c751e8b465ee728b)
Start importing Assets/IMG_20211024_231609_603.jpg using Guid(7df75bae11def4e43ac1d29339113634) Importer(815301076,1909f56bfc062723c751e8b465ee728b)  -> (artifact id: '5a1e63b9fe2b236004c52471c2b0f897') in 0.034370 seconds 
  Import took 0.045226 seconds .

========================================================================
Received Import Request.
  Time since last request: 114.478070 seconds.
  path: Assets/1.jpg
  artifactKey: Guid(c810b8f4a1a400040a5847c453875fd7) Importer(815301076,1909f56bfc062723c751e8b465ee728b)
Start importing Assets/1.jpg using Guid(c810b8f4a1a400040a5847c453875fd7) Importer(815301076,1909f56bfc062723c751e8b465ee728b)  -> (artifact id: 'fd86bad0c1bdd3151c86ade6f8a9733c') in 0.061059 seconds 
  Import took 0.069748 seconds .

========================================================================
Received Import Request.
  Time since last request: 0.000320 seconds.
  path: Assets/7.png
  artifactKey: Guid(2ae241d2796b56a4a9d08fa20272a025) Importer(815301076,1909f56bfc062723c751e8b465ee728b)
Start importing Assets/7.png using Guid(2ae241d2796b56a4a9d08fa20272a025) Importer(815301076,1909f56bfc062723c751e8b465ee728b)  -> (artifact id: 'ef74c8d41c55780673e2960f8ffc5578') in 0.041453 seconds 
  Import took 0.048833 seconds .

========================================================================
Received Import Request.
  Time since last request: 0.000446 seconds.
  path: Assets/2.png
  artifactKey: Guid(af7f0d6f49ac562478eb9e802bfa8aab) Importer(815301076,1909f56bfc062723c751e8b465ee728b)
Start importing Assets/2.png using Guid(af7f0d6f49ac562478eb9e802bfa8aab) Importer(815301076,1909f56bfc062723c751e8b465ee728b)  -> (artifact id: '32f0cfd5c0cd30216c5b580925a7aa52') in 0.043069 seconds 
  Import took 0.050155 seconds .

========================================================================
Received Import Request.
  Time since last request: 0.000375 seconds.
  path: Assets/1.jpg.png
  artifactKey: Guid(007dc17712288f548a6d86a3bcb05402) Importer(815301076,1909f56bfc062723c751e8b465ee728b)
Start importing Assets/1.jpg.png using Guid(007dc17712288f548a6d86a3bcb05402) Importer(815301076,1909f56bfc062723c751e8b465ee728b)  -> (artifact id: '7f9d3cddac6ad082f824166d4ac53908') in 0.040708 seconds 
  Import took 0.047730 seconds .

========================================================================
Received Import Request.
  Time since last request: 4.442362 seconds.
  path: Assets/Scenes/MainMenu.unity
  artifactKey: Guid(2cda990e2423bbf4892e6590ba056729) Importer(815301076,1909f56bfc062723c751e8b465ee728b)
Start importing Assets/Scenes/MainMenu.unity using Guid(2cda990e2423bbf4892e6590ba056729) Importer(815301076,1909f56bfc062723c751e8b465ee728b)  -> (artifact id: '8f9b9901d4fee4c549252299b33eec3b') in 0.008986 seconds 
  Import took 0.014933 seconds .

========================================================================
Received Prepare
Registering precompiled user dll's ...
Registered in 0.005384 seconds.
Begin MonoManager ReloadAssembly
Native extension for WindowsStandalone target not found
Refreshing native plugins compatible for Editor in 0.73 ms, found 2 plugins.
Preloading 0 native plugins for Editor in 0.00 ms.
Mono: successfully reloaded assembly
- Completed reload, in  2.586 seconds
Domain Reload Profiling:
	ReloadAssembly (2587ms)
		BeginReloadAssembly (258ms)
			ExecutionOrderSort (0ms)
			DisableScriptedObjects (9ms)
			BackupInstance (0ms)
			ReleaseScriptingObjects (0ms)
			CreateAndSetChildDomain (71ms)
		EndReloadAssembly (2169ms)
			LoadAssemblies (211ms)
			RebuildTransferFunctionScriptingTraits (0ms)
			SetupTypeCache (734ms)
			ReleaseScriptCaches (1ms)
			RebuildScriptCaches (104ms)
			SetupLoadedEditorAssemblies (879ms)
				LogAssemblyErrors (0ms)
				InitializePlatformSupportModulesInManaged (14ms)
				SetLoadedEditorAssemblies (1ms)
				RefreshPlugins (1ms)
				BeforeProcessingInitializeOnLoad (215ms)
				ProcessInitializeOnLoadAttributes (620ms)
				ProcessInitializeOnLoadMethodAttributes (13ms)
				AfterProcessingInitializeOnLoad (14ms)
				EditorAssembliesLoaded (1ms)
			ExecutionOrderSort2 (0ms)
			AwakeInstancesAfterBackupRestoration (15ms)
Platform modules already initialized, skipping
Refreshing native plugins compatible for Editor in 0.78 ms, found 2 plugins.
Preloading 0 native plugins for Editor in 0.00 ms.
Unloading 1690 Unused Serialized files (Serialized files now loaded: 0)
System memory in use before: 79.8 MB.
System memory in use after: 79.9 MB.

Unloading 11 unused Assets to reduce memory usage. Loaded Objects now: 2193.
Total: 8.076200 ms (FindLiveObjects: 0.320600 ms CreateObjectMapping: 0.205100 ms MarkObjects: 7.513000 ms  DeleteObjects: 0.035100 ms)

AssetImportParameters requested are different than current active one (requested -> active):
  custom:framework-win-MediaFoundation: 216162199b28c13a410421893ffa2e32 -> 
  custom:video-decoder-ogg-theora: a1e56fd34408186e4bbccfd4996cb3dc -> 
  custom:container-muxer-webm: aa71ff27fc2769a1b78a27578f13a17b -> 
  custom:container-demuxer-webm: 4f35f7cbe854078d1ac9338744f61a02 -> 
  custom:container-demuxer-ogg: 62fdf1f143b41e24485cea50d1cbac27 -> 
  custom:video-encoder-webm-vp8: eb34c28f22e8b96e1ab97ce403110664 -> 
  custom:video-decoder-webm-vp8: 9c59270c3fd7afecdb556c50c9e8de78 -> 
  custom:audio-decoder-ogg-vorbis: bf7c407c2cedff20999df2af8eb42d56 -> 
  custom:audio-encoder-webm-vorbis: bf7c407c2cedff20999df2af8eb42d56 -> 
========================================================================
Received Import Request.
  Time since last request: 305.541299 seconds.
  path: Assets/Scenes/MainMenu.unity
  artifactKey: Guid(2cda990e2423bbf4892e6590ba056729) Importer(815301076,1909f56bfc062723c751e8b465ee728b)
Start importing Assets/Scenes/MainMenu.unity using Guid(2cda990e2423bbf4892e6590ba056729) Importer(815301076,1909f56bfc062723c751e8b465ee728b)  -> (artifact id: '0bb0a56519144db4440dba7be19fda39') in 0.060833 seconds 
  Import took 0.070757 seconds .

========================================================================
Received Import Request.
  Time since last request: 33.912810 seconds.
  path: Assets/Scenes/Level01.unity
  artifactKey: Guid(89dc09c1ba9025a48b87de0fdc66e57a) Importer(815301076,1909f56bfc062723c751e8b465ee728b)
Start importing Assets/Scenes/Level01.unity using Guid(89dc09c1ba9025a48b87de0fdc66e57a) Importer(815301076,1909f56bfc062723c751e8b465ee728b)  -> (artifact id: '9d2e2c61afed9d68791c8c6fa321911e') in 0.010937 seconds 
  Import took 0.020386 seconds .

========================================================================
Received Prepare
Registering precompiled user dll's ...
Registered in 0.010316 seconds.
Begin MonoManager ReloadAssembly
Native extension for WindowsStandalone target not found
Refreshing native plugins compatible for Editor in 0.57 ms, found 2 plugins.
Preloading 0 native plugins for Editor in 0.00 ms.
Mono: successfully reloaded assembly
- Completed reload, in  2.064 seconds
Domain Reload Profiling:
	ReloadAssembly (2065ms)
		BeginReloadAssembly (200ms)
			ExecutionOrderSort (0ms)
			DisableScriptedObjects (10ms)
			BackupInstance (0ms)
			ReleaseScriptingObjects (0ms)
			CreateAndSetChildDomain (57ms)
		EndReloadAssembly (1738ms)
			LoadAssemblies (166ms)
			RebuildTransferFunctionScriptingTraits (0ms)
			SetupTypeCache (528ms)
			ReleaseScriptCaches (1ms)
			RebuildScriptCaches (99ms)
			SetupLoadedEditorAssemblies (716ms)
				LogAssemblyErrors (0ms)
				InitializePlatformSupportModulesInManaged (10ms)
				SetLoadedEditorAssemblies (1ms)
				RefreshPlugins (1ms)
				BeforeProcessingInitializeOnLoad (152ms)
				ProcessInitializeOnLoadAttributes (520ms)
				ProcessInitializeOnLoadMethodAttributes (17ms)
				AfterProcessingInitializeOnLoad (14ms)
				EditorAssembliesLoaded (1ms)
			ExecutionOrderSort2 (0ms)
			AwakeInstancesAfterBackupRestoration (15ms)
Platform modules already initialized, skipping
Refreshing native plugins compatible for Editor in 0.54 ms, found 2 plugins.
Preloading 0 native plugins for Editor in 0.00 ms.
Unloading 1690 Unused Serialized files (Serialized files now loaded: 0)
System memory in use before: 79.8 MB.
System memory in use after: 79.9 MB.

Unloading 11 unused Assets to reduce memory usage. Loaded Objects now: 2195.
Total: 5.080200 ms (FindLiveObjects: 0.213100 ms CreateObjectMapping: 0.098800 ms MarkObjects: 4.737600 ms  DeleteObjects: 0.028800 ms)

AssetImportParameters requested are different than current active one (requested -> active):
  custom:framework-win-MediaFoundation: 216162199b28c13a410421893ffa2e32 -> 
  custom:video-decoder-ogg-theora: a1e56fd34408186e4bbccfd4996cb3dc -> 
  custom:container-muxer-webm: aa71ff27fc2769a1b78a27578f13a17b -> 
  custom:container-demuxer-webm: 4f35f7cbe854078d1ac9338744f61a02 -> 
  custom:container-demuxer-ogg: 62fdf1f143b41e24485cea50d1cbac27 -> 
  custom:video-encoder-webm-vp8: eb34c28f22e8b96e1ab97ce403110664 -> 
  custom:video-decoder-webm-vp8: 9c59270c3fd7afecdb556c50c9e8de78 -> 
  custom:audio-decoder-ogg-vorbis: bf7c407c2cedff20999df2af8eb42d56 -> 
  custom:audio-encoder-webm-vorbis: bf7c407c2cedff20999df2af8eb42d56 -> 
AssetImportWorkerClient::OnTransportError - code=2 error=End of file
